Started GET "/" for ::1 at 2016-07-31 12:33:34 +0200
Processing by Rails::WelcomeController#index as HTML
  Parameters: {"internal"=>true}
  Rendering C:/Ruby22-x64/lib/ruby/gems/2.2.0/gems/railties-5.0.0/lib/rails/templates/rails/welcome/index.html.erb
  Rendered C:/Ruby22-x64/lib/ruby/gems/2.2.0/gems/railties-5.0.0/lib/rails/templates/rails/welcome/index.html.erb (12.0ms)
Completed 200 OK in 147ms (Views: 75.8ms | ActiveRecord: 0.0ms)


Started GET "/" for ::1 at 2016-07-31 12:37:03 +0200
Processing by Rails::WelcomeController#index as HTML
  Parameters: {"internal"=>true}
  Rendering C:/Ruby22-x64/lib/ruby/gems/2.2.0/gems/railties-5.0.0/lib/rails/templates/rails/welcome/index.html.erb
  Rendered C:/Ruby22-x64/lib/ruby/gems/2.2.0/gems/railties-5.0.0/lib/rails/templates/rails/welcome/index.html.erb (11.0ms)
Completed 200 OK in 151ms (Views: 76.5ms | ActiveRecord: 0.0ms)


Started GET "/static_pages/index" for ::1 at 2016-08-01 18:38:55 +0200
Processing by StaticPagesController#index as HTML
  Rendering static_pages/index.html.erb within layouts/application
  Rendered static_pages/index.html.erb within layouts/application (10.0ms)
Completed 500 Internal Server Error in 1627ms (ActiveRecord: 0.0ms)


  
ActionView::Template::Error (TypeError: Das Objekt unterstützt diese Eigenschaft oder Methode nicht.):
    4:     <title>Demo</title>
    5:     <%= csrf_meta_tags %>
    6: 
    7:     <%= stylesheet_link_tag    'application', media: 'all', 'data-turbolinks-track': 'reload' %>
    8:     <%= javascript_include_tag 'application', 'data-turbolinks-track': 'reload' %>
    9:   </head>
   10: 
  
app/views/layouts/application.html.erb:7:in `_app_views_layouts_application_html_erb__1465061157_62583820'
  Rendering C:/Ruby22-x64/lib/ruby/gems/2.2.0/gems/actionpack-5.0.0/lib/action_dispatch/middleware/templates/rescues/template_error.html.erb within rescues/layout
  Rendering C:/Ruby22-x64/lib/ruby/gems/2.2.0/gems/actionpack-5.0.0/lib/action_dispatch/middleware/templates/rescues/_source.html.erb
  Rendered C:/Ruby22-x64/lib/ruby/gems/2.2.0/gems/actionpack-5.0.0/lib/action_dispatch/middleware/templates/rescues/_source.html.erb (9.0ms)
  Rendering C:/Ruby22-x64/lib/ruby/gems/2.2.0/gems/actionpack-5.0.0/lib/action_dispatch/middleware/templates/rescues/_trace.html.erb
  Rendered C:/Ruby22-x64/lib/ruby/gems/2.2.0/gems/actionpack-5.0.0/lib/action_dispatch/middleware/templates/rescues/_trace.html.erb (5.0ms)
  Rendering C:/Ruby22-x64/lib/ruby/gems/2.2.0/gems/actionpack-5.0.0/lib/action_dispatch/middleware/templates/rescues/_request_and_response.html.erb
  Rendered C:/Ruby22-x64/lib/ruby/gems/2.2.0/gems/actionpack-5.0.0/lib/action_dispatch/middleware/templates/rescues/_request_and_response.html.erb (27.0ms)
  Rendered C:/Ruby22-x64/lib/ruby/gems/2.2.0/gems/actionpack-5.0.0/lib/action_dispatch/middleware/templates/rescues/template_error.html.erb within rescues/layout (841.6ms)
Started GET "/" for ::1 at 2016-08-01 18:39:15 +0200
Processing by Rails::WelcomeController#index as HTML
  Parameters: {"internal"=>true}
  Rendering C:/Ruby22-x64/lib/ruby/gems/2.2.0/gems/railties-5.0.0/lib/rails/templates/rails/welcome/index.html.erb
  Rendered C:/Ruby22-x64/lib/ruby/gems/2.2.0/gems/railties-5.0.0/lib/rails/templates/rails/welcome/index.html.erb (3.0ms)
Completed 200 OK in 118ms (Views: 24.9ms | ActiveRecord: 0.0ms)


Started GET "/static_pages/index" for ::1 at 2016-08-01 18:40:04 +0200
Processing by StaticPagesController#index as HTML
  Rendering static_pages/index.html.erb within layouts/application
  Rendered static_pages/index.html.erb within layouts/application (0.0ms)
Completed 500 Internal Server Error in 256ms (ActiveRecord: 0.0ms)


  
ActionView::Template::Error (TypeError: Das Objekt unterstützt diese Eigenschaft oder Methode nicht.):
    4:     <title>Demo</title>
    5:     <%= csrf_meta_tags %>
    6: 
    7:     <%= stylesheet_link_tag    'application', media: 'all', 'data-turbolinks-track': 'reload' %>
    8:     <%= javascript_include_tag 'application', 'data-turbolinks-track': 'reload' %>
    9:   </head>
   10: 
  
app/views/layouts/application.html.erb:7:in `_app_views_layouts_application_html_erb__1465061157_110652740'
  Rendering C:/Ruby22-x64/lib/ruby/gems/2.2.0/gems/actionpack-5.0.0/lib/action_dispatch/middleware/templates/rescues/template_error.html.erb within rescues/layout
  Rendering C:/Ruby22-x64/lib/ruby/gems/2.2.0/gems/actionpack-5.0.0/lib/action_dispatch/middleware/templates/rescues/_source.html.erb
  Rendered C:/Ruby22-x64/lib/ruby/gems/2.2.0/gems/actionpack-5.0.0/lib/action_dispatch/middleware/templates/rescues/_source.html.erb (10.0ms)
  Rendering C:/Ruby22-x64/lib/ruby/gems/2.2.0/gems/actionpack-5.0.0/lib/action_dispatch/middleware/templates/rescues/_trace.html.erb
  Rendered C:/Ruby22-x64/lib/ruby/gems/2.2.0/gems/actionpack-5.0.0/lib/action_dispatch/middleware/templates/rescues/_trace.html.erb (6.0ms)
  Rendering C:/Ruby22-x64/lib/ruby/gems/2.2.0/gems/actionpack-5.0.0/lib/action_dispatch/middleware/templates/rescues/_request_and_response.html.erb
  Rendered C:/Ruby22-x64/lib/ruby/gems/2.2.0/gems/actionpack-5.0.0/lib/action_dispatch/middleware/templates/rescues/_request_and_response.html.erb (1.0ms)
  Rendered C:/Ruby22-x64/lib/ruby/gems/2.2.0/gems/actionpack-5.0.0/lib/action_dispatch/middleware/templates/rescues/template_error.html.erb within rescues/layout (790.6ms)
Started GET "/" for ::1 at 2016-08-01 18:43:12 +0200
Processing by StaticPagesController#index as HTML
  Rendering static_pages/index.html.erb within layouts/application
  Rendered static_pages/index.html.erb within layouts/application (0.0ms)
Completed 500 Internal Server Error in 241ms (ActiveRecord: 0.0ms)


  
ActionView::Template::Error (TypeError: Das Objekt unterstützt diese Eigenschaft oder Methode nicht.):
    4:     <title>Demo</title>
    5:     <%= csrf_meta_tags %>
    6: 
    7:     <%= stylesheet_link_tag    'application', media: 'all', 'data-turbolinks-track': 'reload' %>
    8:     <%= javascript_include_tag 'application', 'data-turbolinks-track': 'reload' %>
    9:   </head>
   10: 
  
app/views/layouts/application.html.erb:7:in `_app_views_layouts_application_html_erb__1465061157_93189540'
  Rendering C:/Ruby22-x64/lib/ruby/gems/2.2.0/gems/actionpack-5.0.0/lib/action_dispatch/middleware/templates/rescues/template_error.html.erb within rescues/layout
  Rendering C:/Ruby22-x64/lib/ruby/gems/2.2.0/gems/actionpack-5.0.0/lib/action_dispatch/middleware/templates/rescues/_source.html.erb
  Rendered C:/Ruby22-x64/lib/ruby/gems/2.2.0/gems/actionpack-5.0.0/lib/action_dispatch/middleware/templates/rescues/_source.html.erb (13.0ms)
  Rendering C:/Ruby22-x64/lib/ruby/gems/2.2.0/gems/actionpack-5.0.0/lib/action_dispatch/middleware/templates/rescues/_trace.html.erb
  Rendered C:/Ruby22-x64/lib/ruby/gems/2.2.0/gems/actionpack-5.0.0/lib/action_dispatch/middleware/templates/rescues/_trace.html.erb (5.0ms)
  Rendering C:/Ruby22-x64/lib/ruby/gems/2.2.0/gems/actionpack-5.0.0/lib/action_dispatch/middleware/templates/rescues/_request_and_response.html.erb
  Rendered C:/Ruby22-x64/lib/ruby/gems/2.2.0/gems/actionpack-5.0.0/lib/action_dispatch/middleware/templates/rescues/_request_and_response.html.erb (2.0ms)
  Rendered C:/Ruby22-x64/lib/ruby/gems/2.2.0/gems/actionpack-5.0.0/lib/action_dispatch/middleware/templates/rescues/template_error.html.erb within rescues/layout (824.6ms)
Started GET "/static_pages/index" for ::1 at 2016-08-01 18:48:21 +0200
Processing by StaticPagesController#index as HTML
  Rendering static_pages/index.html.erb within layouts/application
  Rendered static_pages/index.html.erb within layouts/application (0.0ms)
Completed 500 Internal Server Error in 264ms (ActiveRecord: 0.0ms)


  
ActionView::Template::Error (TypeError: Das Objekt unterstützt diese Eigenschaft oder Methode nicht.):
    4:     <title>Demo</title>
    5:     <%= csrf_meta_tags %>
    6: 
    7:     <%= stylesheet_link_tag    'application', media: 'all', 'data-turbolinks-track': 'reload' %>
    8:     </head>
    9: 
   10:   <body>
  
app/views/layouts/application.html.erb:7:in `_app_views_layouts_application_html_erb__1465061157_112450440'
  Rendering C:/Ruby22-x64/lib/ruby/gems/2.2.0/gems/actionpack-5.0.0/lib/action_dispatch/middleware/templates/rescues/template_error.html.erb within rescues/layout
  Rendering C:/Ruby22-x64/lib/ruby/gems/2.2.0/gems/actionpack-5.0.0/lib/action_dispatch/middleware/templates/rescues/_source.html.erb
  Rendered C:/Ruby22-x64/lib/ruby/gems/2.2.0/gems/actionpack-5.0.0/lib/action_dispatch/middleware/templates/rescues/_source.html.erb (10.0ms)
  Rendering C:/Ruby22-x64/lib/ruby/gems/2.2.0/gems/actionpack-5.0.0/lib/action_dispatch/middleware/templates/rescues/_trace.html.erb
  Rendered C:/Ruby22-x64/lib/ruby/gems/2.2.0/gems/actionpack-5.0.0/lib/action_dispatch/middleware/templates/rescues/_trace.html.erb (5.0ms)
  Rendering C:/Ruby22-x64/lib/ruby/gems/2.2.0/gems/actionpack-5.0.0/lib/action_dispatch/middleware/templates/rescues/_request_and_response.html.erb
  Rendered C:/Ruby22-x64/lib/ruby/gems/2.2.0/gems/actionpack-5.0.0/lib/action_dispatch/middleware/templates/rescues/_request_and_response.html.erb (1.0ms)
  Rendered C:/Ruby22-x64/lib/ruby/gems/2.2.0/gems/actionpack-5.0.0/lib/action_dispatch/middleware/templates/rescues/template_error.html.erb within rescues/layout (784.6ms)
Started GET "/static_pages/index" for ::1 at 2016-08-01 18:50:37 +0200
Processing by StaticPagesController#index as HTML
  Rendering static_pages/index.html.erb within layouts/application
  Rendered static_pages/index.html.erb within layouts/application (4.0ms)
Completed 500 Internal Server Error in 746ms (ActiveRecord: 0.0ms)


  
ActionView::Template::Error (TypeError: Das Objekt unterstützt diese Eigenschaft oder Methode nicht.):
    4:     <title>Demo</title>
    5:     <%= csrf_meta_tags %>
    6: 
    7:     <%= stylesheet_link_tag    'application', media: 'all', 'data-turbolinks-track': 'reload' %>
    8:     </head>
    9: 
   10:   <body>
  
app/views/layouts/application.html.erb:7:in `_app_views_layouts_application_html_erb___2069832377_62791280'
  Rendering C:/Ruby22-x64/lib/ruby/gems/2.2.0/gems/actionpack-5.0.0/lib/action_dispatch/middleware/templates/rescues/template_error.html.erb within rescues/layout
  Rendering C:/Ruby22-x64/lib/ruby/gems/2.2.0/gems/actionpack-5.0.0/lib/action_dispatch/middleware/templates/rescues/_source.html.erb
  Rendered C:/Ruby22-x64/lib/ruby/gems/2.2.0/gems/actionpack-5.0.0/lib/action_dispatch/middleware/templates/rescues/_source.html.erb (14.0ms)
  Rendering C:/Ruby22-x64/lib/ruby/gems/2.2.0/gems/actionpack-5.0.0/lib/action_dispatch/middleware/templates/rescues/_trace.html.erb
  Rendered C:/Ruby22-x64/lib/ruby/gems/2.2.0/gems/actionpack-5.0.0/lib/action_dispatch/middleware/templates/rescues/_trace.html.erb (5.0ms)
  Rendering C:/Ruby22-x64/lib/ruby/gems/2.2.0/gems/actionpack-5.0.0/lib/action_dispatch/middleware/templates/rescues/_request_and_response.html.erb
  Rendered C:/Ruby22-x64/lib/ruby/gems/2.2.0/gems/actionpack-5.0.0/lib/action_dispatch/middleware/templates/rescues/_request_and_response.html.erb (0.0ms)
  Rendered C:/Ruby22-x64/lib/ruby/gems/2.2.0/gems/actionpack-5.0.0/lib/action_dispatch/middleware/templates/rescues/template_error.html.erb within rescues/layout (856.6ms)
Started GET "/static_pages/index" for ::1 at 2016-08-01 18:50:47 +0200
Processing by StaticPagesController#index as HTML
  Rendering static_pages/index.html.erb within layouts/application
  Rendered static_pages/index.html.erb within layouts/application (0.0ms)
Completed 500 Internal Server Error in 226ms (ActiveRecord: 0.0ms)


  
ActionView::Template::Error (TypeError: Das Objekt unterstützt diese Eigenschaft oder Methode nicht.):
    4:     <title>Demo</title>
    5:     <%= csrf_meta_tags %>
    6: 
    7:     <%= stylesheet_link_tag    'application', media: 'all', 'data-turbolinks-track': 'reload' %>
    8:     </head>
    9: 
   10:   <body>
  
app/views/layouts/application.html.erb:7:in `_app_views_layouts_application_html_erb___2069832377_108587680'
  Rendering C:/Ruby22-x64/lib/ruby/gems/2.2.0/gems/actionpack-5.0.0/lib/action_dispatch/middleware/templates/rescues/template_error.html.erb within rescues/layout
  Rendering C:/Ruby22-x64/lib/ruby/gems/2.2.0/gems/actionpack-5.0.0/lib/action_dispatch/middleware/templates/rescues/_source.html.erb
  Rendered C:/Ruby22-x64/lib/ruby/gems/2.2.0/gems/actionpack-5.0.0/lib/action_dispatch/middleware/templates/rescues/_source.html.erb (16.0ms)
  Rendering C:/Ruby22-x64/lib/ruby/gems/2.2.0/gems/actionpack-5.0.0/lib/action_dispatch/middleware/templates/rescues/_trace.html.erb
  Rendered C:/Ruby22-x64/lib/ruby/gems/2.2.0/gems/actionpack-5.0.0/lib/action_dispatch/middleware/templates/rescues/_trace.html.erb (7.0ms)
  Rendering C:/Ruby22-x64/lib/ruby/gems/2.2.0/gems/actionpack-5.0.0/lib/action_dispatch/middleware/templates/rescues/_request_and_response.html.erb
  Rendered C:/Ruby22-x64/lib/ruby/gems/2.2.0/gems/actionpack-5.0.0/lib/action_dispatch/middleware/templates/rescues/_request_and_response.html.erb (1.0ms)
  Rendered C:/Ruby22-x64/lib/ruby/gems/2.2.0/gems/actionpack-5.0.0/lib/action_dispatch/middleware/templates/rescues/template_error.html.erb within rescues/layout (847.6ms)
Started GET "/static_pages/index" for ::1 at 2016-08-01 18:55:17 +0200
Processing by StaticPagesController#index as HTML
  Rendering static_pages/index.html.erb within layouts/application
  Rendered static_pages/index.html.erb within layouts/application (3.0ms)
Completed 500 Internal Server Error in 597ms (ActiveRecord: 0.0ms)


  
ActionView::Template::Error (TypeError: Das Objekt unterstützt diese Eigenschaft oder Methode nicht.):
    4:     <title>Demo</title>
    5:     <%= csrf_meta_tags %>
    6: 
    7:     <%= stylesheet_link_tag    'application', media: 'all' %>
    8:     <%= javascript_include_tag 'application' %>
    9:   </head>
   10: 
  
app/views/layouts/application.html.erb:7:in `_app_views_layouts_application_html_erb___303421110_61798540'
  Rendering C:/Ruby22-x64/lib/ruby/gems/2.2.0/gems/actionpack-5.0.0/lib/action_dispatch/middleware/templates/rescues/template_error.html.erb within rescues/layout
  Rendering C:/Ruby22-x64/lib/ruby/gems/2.2.0/gems/actionpack-5.0.0/lib/action_dispatch/middleware/templates/rescues/_source.html.erb
  Rendered C:/Ruby22-x64/lib/ruby/gems/2.2.0/gems/actionpack-5.0.0/lib/action_dispatch/middleware/templates/rescues/_source.html.erb (13.0ms)
  Rendering C:/Ruby22-x64/lib/ruby/gems/2.2.0/gems/actionpack-5.0.0/lib/action_dispatch/middleware/templates/rescues/_trace.html.erb
  Rendered C:/Ruby22-x64/lib/ruby/gems/2.2.0/gems/actionpack-5.0.0/lib/action_dispatch/middleware/templates/rescues/_trace.html.erb (7.0ms)
  Rendering C:/Ruby22-x64/lib/ruby/gems/2.2.0/gems/actionpack-5.0.0/lib/action_dispatch/middleware/templates/rescues/_request_and_response.html.erb
  Rendered C:/Ruby22-x64/lib/ruby/gems/2.2.0/gems/actionpack-5.0.0/lib/action_dispatch/middleware/templates/rescues/_request_and_response.html.erb (2.0ms)
  Rendered C:/Ruby22-x64/lib/ruby/gems/2.2.0/gems/actionpack-5.0.0/lib/action_dispatch/middleware/templates/rescues/template_error.html.erb within rescues/layout (754.5ms)
Started GET "/static_pages/index" for ::1 at 2016-08-01 19:05:45 +0200
Processing by StaticPagesController#index as HTML
  Rendering static_pages/index.html.erb within layouts/application
  Rendered static_pages/index.html.erb within layouts/application (4.0ms)
Completed 500 Internal Server Error in 644ms (ActiveRecord: 0.0ms)


  
ActionView::Template::Error (TypeError: Das Objekt unterstützt diese Eigenschaft oder Methode nicht.):
    4:     <title>Demo</title>
    5:     <%= csrf_meta_tags %>
    6: 
    7:     <%= stylesheet_link_tag    'application', media: 'all' %>
    8:     <%= javascript_include_tag 'application' %>
    9:   </head>
   10: 
  
app/views/layouts/application.html.erb:7:in `_app_views_layouts_application_html_erb___2007690918_62824760'
  Rendering C:/Ruby22-x64/lib/ruby/gems/2.2.0/gems/actionpack-5.0.0/lib/action_dispatch/middleware/templates/rescues/template_error.html.erb within rescues/layout
  Rendering C:/Ruby22-x64/lib/ruby/gems/2.2.0/gems/actionpack-5.0.0/lib/action_dispatch/middleware/templates/rescues/_source.html.erb
  Rendered C:/Ruby22-x64/lib/ruby/gems/2.2.0/gems/actionpack-5.0.0/lib/action_dispatch/middleware/templates/rescues/_source.html.erb (13.0ms)
  Rendering C:/Ruby22-x64/lib/ruby/gems/2.2.0/gems/actionpack-5.0.0/lib/action_dispatch/middleware/templates/rescues/_trace.html.erb
  Rendered C:/Ruby22-x64/lib/ruby/gems/2.2.0/gems/actionpack-5.0.0/lib/action_dispatch/middleware/templates/rescues/_trace.html.erb (5.0ms)
  Rendering C:/Ruby22-x64/lib/ruby/gems/2.2.0/gems/actionpack-5.0.0/lib/action_dispatch/middleware/templates/rescues/_request_and_response.html.erb
  Rendered C:/Ruby22-x64/lib/ruby/gems/2.2.0/gems/actionpack-5.0.0/lib/action_dispatch/middleware/templates/rescues/_request_and_response.html.erb (2.0ms)
  Rendered C:/Ruby22-x64/lib/ruby/gems/2.2.0/gems/actionpack-5.0.0/lib/action_dispatch/middleware/templates/rescues/template_error.html.erb within rescues/layout (929.7ms)
Started GET "/static_pages/index" for ::1 at 2016-08-01 19:06:18 +0200
Processing by StaticPagesController#index as HTML
  Rendering static_pages/index.html.erb within layouts/application
  Rendered static_pages/index.html.erb within layouts/application (1.0ms)
Completed 500 Internal Server Error in 294ms (ActiveRecord: 0.0ms)


  
ActionView::Template::Error (TypeError: Das Objekt unterstützt diese Eigenschaft oder Methode nicht.):
    4:     <title>Demo</title>
    5:     <%= csrf_meta_tags %>
    6: 
    7:     <%= stylesheet_link_tag    'application', media: 'all' %>
    8:     <%= javascript_include_tag 'application' %>
    9:   </head>
   10: 
  
app/views/layouts/application.html.erb:7:in `_app_views_layouts_application_html_erb___2007690918_108944320'
  Rendering C:/Ruby22-x64/lib/ruby/gems/2.2.0/gems/actionpack-5.0.0/lib/action_dispatch/middleware/templates/rescues/template_error.html.erb within rescues/layout
  Rendering C:/Ruby22-x64/lib/ruby/gems/2.2.0/gems/actionpack-5.0.0/lib/action_dispatch/middleware/templates/rescues/_source.html.erb
  Rendered C:/Ruby22-x64/lib/ruby/gems/2.2.0/gems/actionpack-5.0.0/lib/action_dispatch/middleware/templates/rescues/_source.html.erb (13.0ms)
  Rendering C:/Ruby22-x64/lib/ruby/gems/2.2.0/gems/actionpack-5.0.0/lib/action_dispatch/middleware/templates/rescues/_trace.html.erb
  Rendered C:/Ruby22-x64/lib/ruby/gems/2.2.0/gems/actionpack-5.0.0/lib/action_dispatch/middleware/templates/rescues/_trace.html.erb (7.0ms)
  Rendering C:/Ruby22-x64/lib/ruby/gems/2.2.0/gems/actionpack-5.0.0/lib/action_dispatch/middleware/templates/rescues/_request_and_response.html.erb
  Rendered C:/Ruby22-x64/lib/ruby/gems/2.2.0/gems/actionpack-5.0.0/lib/action_dispatch/middleware/templates/rescues/_request_and_response.html.erb (1.0ms)
  Rendered C:/Ruby22-x64/lib/ruby/gems/2.2.0/gems/actionpack-5.0.0/lib/action_dispatch/middleware/templates/rescues/template_error.html.erb within rescues/layout (792.6ms)
Started GET "/static_pages/index" for ::1 at 2016-08-02 20:54:02 +0200
Processing by StaticPagesController#index as HTML
  Rendering static_pages/index.html.erb within layouts/application
  Rendered static_pages/index.html.erb within layouts/application (7.8ms)
Completed 500 Internal Server Error in 1358ms (ActiveRecord: 0.0ms)


  
ActionView::Template::Error (TypeError: Das Objekt unterstützt diese Eigenschaft oder Methode nicht.):
    4:     <title>Demo</title>
    5:     <%= csrf_meta_tags %>
    6: 
    7:     <%= stylesheet_link_tag    'application', media: 'all' %>
    8:     <%= javascript_include_tag 'application' %>
    9:   </head>
   10: 
  
app/views/layouts/application.html.erb:7:in `_app_views_layouts_application_html_erb___425359673_41748040'
  Rendering C:/Ruby22-x64/lib/ruby/gems/2.2.0/gems/actionpack-5.0.0/lib/action_dispatch/middleware/templates/rescues/template_error.html.erb within rescues/layout
  Rendering C:/Ruby22-x64/lib/ruby/gems/2.2.0/gems/actionpack-5.0.0/lib/action_dispatch/middleware/templates/rescues/_source.html.erb
  Rendered C:/Ruby22-x64/lib/ruby/gems/2.2.0/gems/actionpack-5.0.0/lib/action_dispatch/middleware/templates/rescues/_source.html.erb (10.8ms)
  Rendering C:/Ruby22-x64/lib/ruby/gems/2.2.0/gems/actionpack-5.0.0/lib/action_dispatch/middleware/templates/rescues/_trace.html.erb
  Rendered C:/Ruby22-x64/lib/ruby/gems/2.2.0/gems/actionpack-5.0.0/lib/action_dispatch/middleware/templates/rescues/_trace.html.erb (4.9ms)
  Rendering C:/Ruby22-x64/lib/ruby/gems/2.2.0/gems/actionpack-5.0.0/lib/action_dispatch/middleware/templates/rescues/_request_and_response.html.erb
  Rendered C:/Ruby22-x64/lib/ruby/gems/2.2.0/gems/actionpack-5.0.0/lib/action_dispatch/middleware/templates/rescues/_request_and_response.html.erb (1.0ms)
  Rendered C:/Ruby22-x64/lib/ruby/gems/2.2.0/gems/actionpack-5.0.0/lib/action_dispatch/middleware/templates/rescues/template_error.html.erb within rescues/layout (803.8ms)
Started GET "/static_pages/index" for ::1 at 2016-08-02 20:54:31 +0200
Processing by StaticPagesController#index as HTML
  Rendering static_pages/index.html.erb within layouts/application
  Rendered static_pages/index.html.erb within layouts/application (1.0ms)
Completed 500 Internal Server Error in 225ms (ActiveRecord: 0.0ms)


  
ActionView::Template::Error (TypeError: Das Objekt unterstützt diese Eigenschaft oder Methode nicht.):
    4:     <title>Demo</title>
    5:     <%= csrf_meta_tags %>
    6: 
    7:     <%= stylesheet_link_tag    'application', media: 'all' %>
    8:     <%= javascript_include_tag 'application' %>
    9:   </head>
   10: 
  
app/views/layouts/application.html.erb:7:in `_app_views_layouts_application_html_erb___425359673_108500700'
  Rendering C:/Ruby22-x64/lib/ruby/gems/2.2.0/gems/actionpack-5.0.0/lib/action_dispatch/middleware/templates/rescues/template_error.html.erb within rescues/layout
  Rendering C:/Ruby22-x64/lib/ruby/gems/2.2.0/gems/actionpack-5.0.0/lib/action_dispatch/middleware/templates/rescues/_source.html.erb
  Rendered C:/Ruby22-x64/lib/ruby/gems/2.2.0/gems/actionpack-5.0.0/lib/action_dispatch/middleware/templates/rescues/_source.html.erb (10.8ms)
  Rendering C:/Ruby22-x64/lib/ruby/gems/2.2.0/gems/actionpack-5.0.0/lib/action_dispatch/middleware/templates/rescues/_trace.html.erb
  Rendered C:/Ruby22-x64/lib/ruby/gems/2.2.0/gems/actionpack-5.0.0/lib/action_dispatch/middleware/templates/rescues/_trace.html.erb (4.9ms)
  Rendering C:/Ruby22-x64/lib/ruby/gems/2.2.0/gems/actionpack-5.0.0/lib/action_dispatch/middleware/templates/rescues/_request_and_response.html.erb
  Rendered C:/Ruby22-x64/lib/ruby/gems/2.2.0/gems/actionpack-5.0.0/lib/action_dispatch/middleware/templates/rescues/_request_and_response.html.erb (1.0ms)
  Rendered C:/Ruby22-x64/lib/ruby/gems/2.2.0/gems/actionpack-5.0.0/lib/action_dispatch/middleware/templates/rescues/template_error.html.erb within rescues/layout (671.6ms)
Started GET "/static_pages/index" for ::1 at 2016-08-02 21:15:25 +0200
Processing by StaticPagesController#index as HTML
  Rendering static_pages/index.html.erb within layouts/application
  Rendered static_pages/index.html.erb within layouts/application (1.0ms)
Completed 500 Internal Server Error in 232ms (ActiveRecord: 0.0ms)


  
ActionView::Template::Error (TypeError: Das Objekt unterstützt diese Eigenschaft oder Methode nicht.):
    4:     <title>Demo</title>
    5:     <%= csrf_meta_tags %>
    6: 
    7:     <%= stylesheet_link_tag    'application', media: 'all' %>
    8:     <%= javascript_include_tag 'application' %>
    9:   </head>
   10: 
  
app/views/layouts/application.html.erb:7:in `_app_views_layouts_application_html_erb___425359673_109193060'
  Rendering C:/Ruby22-x64/lib/ruby/gems/2.2.0/gems/actionpack-5.0.0/lib/action_dispatch/middleware/templates/rescues/template_error.html.erb within rescues/layout
  Rendering C:/Ruby22-x64/lib/ruby/gems/2.2.0/gems/actionpack-5.0.0/lib/action_dispatch/middleware/templates/rescues/_source.html.erb
  Rendered C:/Ruby22-x64/lib/ruby/gems/2.2.0/gems/actionpack-5.0.0/lib/action_dispatch/middleware/templates/rescues/_source.html.erb (8.8ms)
  Rendering C:/Ruby22-x64/lib/ruby/gems/2.2.0/gems/actionpack-5.0.0/lib/action_dispatch/middleware/templates/rescues/_trace.html.erb
  Rendered C:/Ruby22-x64/lib/ruby/gems/2.2.0/gems/actionpack-5.0.0/lib/action_dispatch/middleware/templates/rescues/_trace.html.erb (4.9ms)
  Rendering C:/Ruby22-x64/lib/ruby/gems/2.2.0/gems/actionpack-5.0.0/lib/action_dispatch/middleware/templates/rescues/_request_and_response.html.erb
  Rendered C:/Ruby22-x64/lib/ruby/gems/2.2.0/gems/actionpack-5.0.0/lib/action_dispatch/middleware/templates/rescues/_request_and_response.html.erb (1.0ms)
  Rendered C:/Ruby22-x64/lib/ruby/gems/2.2.0/gems/actionpack-5.0.0/lib/action_dispatch/middleware/templates/rescues/template_error.html.erb within rescues/layout (705.8ms)
Started POST "/__web_console/repl_sessions/e8dd8cea3273565d5fe26822ada7224d/trace" for ::1 at 2016-08-02 21:18:20 +0200
  [1m[35m (7.1ms)[0m  [1m[35mCREATE TABLE "schema_migrations" ("version" varchar NOT NULL PRIMARY KEY)[0m
  [1m[35m (30.0ms)[0m  [1m[35mCREATE TABLE "ar_internal_metadata" ("key" varchar NOT NULL PRIMARY KEY, "value" varchar, "created_at" datetime NOT NULL, "updated_at" datetime NOT NULL)[0m
  [1m[36mActiveRecord::InternalMetadata Load (4.3ms)[0m  [1m[34mSELECT  "ar_internal_metadata".* FROM "ar_internal_metadata" WHERE "ar_internal_metadata"."key" = ? LIMIT ?[0m  [["key", :environment], ["LIMIT", 1]]
  [1m[35m (0.2ms)[0m  [1m[36mbegin transaction[0m
  [1m[35mSQL (10.9ms)[0m  [1m[32mINSERT INTO "ar_internal_metadata" ("key", "value", "created_at", "updated_at") VALUES (?, ?, ?, ?)[0m  [["key", "environment"], ["value", "development"], ["created_at", 2016-08-03 18:53:20 UTC], ["updated_at", 2016-08-03 18:53:20 UTC]]
  [1m[35m (11.1ms)[0m  [1m[36mcommit transaction[0m
  [1m[36mActiveRecord::SchemaMigration Load (3.8ms)[0m  [1m[34mSELECT "schema_migrations".* FROM "schema_migrations"[0m
Started GET "/" for 127.0.0.1 at 2016-08-03 19:06:55 +0000
Processing by StaticPagesController#index as */*
  Rendering static_pages/index.html.erb within layouts/application
  Rendered static_pages/index.html.erb within layouts/application (18.6ms)
Completed 200 OK in 3203ms (Views: 2342.5ms | ActiveRecord: 0.0ms)


Started GET "/" for 127.0.0.1 at 2016-08-03 19:16:34 +0000
Processing by StaticPagesController#index as */*
  Rendering static_pages/index.html.erb within layouts/application
  Rendered static_pages/index.html.erb within layouts/application (11.8ms)
Completed 200 OK in 1519ms (Views: 1033.2ms | ActiveRecord: 0.0ms)


Started GET "/" for 10.0.2.2 at 2016-08-04 07:24:01 +0000
Cannot render console from 10.0.2.2! Allowed networks: 127.0.0.1, ::1, 127.0.0.0/127.255.255.255
Processing by StaticPagesController#index as HTML
  Rendering static_pages/index.html.erb within layouts/application
  Rendered static_pages/index.html.erb within layouts/application (6.2ms)
Completed 200 OK in 592ms (Views: 550.3ms | ActiveRecord: 0.0ms)


Started GET "/app/views/static_pages/index.html.erb" for 10.0.2.2 at 2016-08-04 07:24:38 +0000
Cannot render console from 10.0.2.2! Allowed networks: 127.0.0.1, ::1, 127.0.0.0/127.255.255.255
  
ActionController::RoutingError (No route matches [GET] "/app/views/static_pages/index.html.erb"):
  
/home.rbenv/versions/2.3.1/lib/ruby/gems/2.3.0/gems/actionpack-5.0.0/lib/action_dispatch/middleware/debug_exceptions.rb:53:in `call'
/home.rbenv/versions/2.3.1/lib/ruby/gems/2.3.0/gems/web-console-3.3.1/lib/web_console/middleware.rb:131:in `call_app'
/home.rbenv/versions/2.3.1/lib/ruby/gems/2.3.0/gems/web-console-3.3.1/lib/web_console/middleware.rb:20:in `block in call'
/home.rbenv/versions/2.3.1/lib/ruby/gems/2.3.0/gems/web-console-3.3.1/lib/web_console/middleware.rb:18:in `catch'
/home.rbenv/versions/2.3.1/lib/ruby/gems/2.3.0/gems/web-console-3.3.1/lib/web_console/middleware.rb:18:in `call'
/home.rbenv/versions/2.3.1/lib/ruby/gems/2.3.0/gems/actionpack-5.0.0/lib/action_dispatch/middleware/show_exceptions.rb:31:in `call'
/home.rbenv/versions/2.3.1/lib/ruby/gems/2.3.0/gems/railties-5.0.0/lib/rails/rack/logger.rb:36:in `call_app'
/home.rbenv/versions/2.3.1/lib/ruby/gems/2.3.0/gems/railties-5.0.0/lib/rails/rack/logger.rb:24:in `block in call'
/home.rbenv/versions/2.3.1/lib/ruby/gems/2.3.0/gems/activesupport-5.0.0/lib/active_support/tagged_logging.rb:70:in `block in tagged'
/home.rbenv/versions/2.3.1/lib/ruby/gems/2.3.0/gems/activesupport-5.0.0/lib/active_support/tagged_logging.rb:26:in `tagged'
/home.rbenv/versions/2.3.1/lib/ruby/gems/2.3.0/gems/activesupport-5.0.0/lib/active_support/tagged_logging.rb:70:in `tagged'
/home.rbenv/versions/2.3.1/lib/ruby/gems/2.3.0/gems/railties-5.0.0/lib/rails/rack/logger.rb:24:in `call'
/home.rbenv/versions/2.3.1/lib/ruby/gems/2.3.0/gems/sprockets-rails-3.1.1/lib/sprockets/rails/quiet_assets.rb:13:in `call'
/home.rbenv/versions/2.3.1/lib/ruby/gems/2.3.0/gems/actionpack-5.0.0/lib/action_dispatch/middleware/request_id.rb:24:in `call'
/home.rbenv/versions/2.3.1/lib/ruby/gems/2.3.0/gems/rack-2.0.1/lib/rack/method_override.rb:22:in `call'
/home.rbenv/versions/2.3.1/lib/ruby/gems/2.3.0/gems/rack-2.0.1/lib/rack/runtime.rb:22:in `call'
/home.rbenv/versions/2.3.1/lib/ruby/gems/2.3.0/gems/activesupport-5.0.0/lib/active_support/cache/strategy/local_cache_middleware.rb:28:in `call'
/home.rbenv/versions/2.3.1/lib/ruby/gems/2.3.0/gems/actionpack-5.0.0/lib/action_dispatch/middleware/executor.rb:12:in `call'
/home.rbenv/versions/2.3.1/lib/ruby/gems/2.3.0/gems/actionpack-5.0.0/lib/action_dispatch/middleware/static.rb:136:in `call'
/home.rbenv/versions/2.3.1/lib/ruby/gems/2.3.0/gems/rack-2.0.1/lib/rack/sendfile.rb:111:in `call'
/home.rbenv/versions/2.3.1/lib/ruby/gems/2.3.0/gems/railties-5.0.0/lib/rails/engine.rb:522:in `call'
/home.rbenv/versions/2.3.1/lib/ruby/gems/2.3.0/gems/puma-3.6.0/lib/puma/configuration.rb:225:in `call'
/home.rbenv/versions/2.3.1/lib/ruby/gems/2.3.0/gems/puma-3.6.0/lib/puma/server.rb:578:in `handle_request'
/home.rbenv/versions/2.3.1/lib/ruby/gems/2.3.0/gems/puma-3.6.0/lib/puma/server.rb:415:in `process_client'
/home.rbenv/versions/2.3.1/lib/ruby/gems/2.3.0/gems/puma-3.6.0/lib/puma/server.rb:275:in `block in run'
/home.rbenv/versions/2.3.1/lib/ruby/gems/2.3.0/gems/puma-3.6.0/lib/puma/thread_pool.rb:116:in `block in spawn_thread'
  Rendering /home.rbenv/versions/2.3.1/lib/ruby/gems/2.3.0/gems/actionpack-5.0.0/lib/action_dispatch/middleware/templates/rescues/routing_error.html.erb within rescues/layout
  Rendering /home.rbenv/versions/2.3.1/lib/ruby/gems/2.3.0/gems/actionpack-5.0.0/lib/action_dispatch/middleware/templates/rescues/_trace.html.erb
  Rendered /home.rbenv/versions/2.3.1/lib/ruby/gems/2.3.0/gems/actionpack-5.0.0/lib/action_dispatch/middleware/templates/rescues/_trace.html.erb (7.4ms)
  Rendered collection of /home.rbenv/versions/2.3.1/lib/ruby/gems/2.3.0/gems/actionpack-5.0.0/lib/action_dispatch/middleware/templates/routes/_route.html.erb [3 times] (7.6ms)
  Rendered /home.rbenv/versions/2.3.1/lib/ruby/gems/2.3.0/gems/actionpack-5.0.0/lib/action_dispatch/middleware/templates/routes/_table.html.erb (95.4ms)
  Rendering /home.rbenv/versions/2.3.1/lib/ruby/gems/2.3.0/gems/actionpack-5.0.0/lib/action_dispatch/middleware/templates/rescues/_request_and_response.html.erb
  Rendered /home.rbenv/versions/2.3.1/lib/ruby/gems/2.3.0/gems/actionpack-5.0.0/lib/action_dispatch/middleware/templates/rescues/_request_and_response.html.erb (4.1ms)
  Rendered /home.rbenv/versions/2.3.1/lib/ruby/gems/2.3.0/gems/actionpack-5.0.0/lib/action_dispatch/middleware/templates/rescues/routing_error.html.erb within rescues/layout (218.1ms)
Started GET "/app/views/static_pages/index.html" for 10.0.2.2 at 2016-08-04 07:24:56 +0000
Cannot render console from 10.0.2.2! Allowed networks: 127.0.0.1, ::1, 127.0.0.0/127.255.255.255
  
ActionController::RoutingError (No route matches [GET] "/app/views/static_pages/index.html"):
  
/home.rbenv/versions/2.3.1/lib/ruby/gems/2.3.0/gems/actionpack-5.0.0/lib/action_dispatch/middleware/debug_exceptions.rb:53:in `call'
/home.rbenv/versions/2.3.1/lib/ruby/gems/2.3.0/gems/web-console-3.3.1/lib/web_console/middleware.rb:131:in `call_app'
/home.rbenv/versions/2.3.1/lib/ruby/gems/2.3.0/gems/web-console-3.3.1/lib/web_console/middleware.rb:20:in `block in call'
/home.rbenv/versions/2.3.1/lib/ruby/gems/2.3.0/gems/web-console-3.3.1/lib/web_console/middleware.rb:18:in `catch'
/home.rbenv/versions/2.3.1/lib/ruby/gems/2.3.0/gems/web-console-3.3.1/lib/web_console/middleware.rb:18:in `call'
/home.rbenv/versions/2.3.1/lib/ruby/gems/2.3.0/gems/actionpack-5.0.0/lib/action_dispatch/middleware/show_exceptions.rb:31:in `call'
/home.rbenv/versions/2.3.1/lib/ruby/gems/2.3.0/gems/railties-5.0.0/lib/rails/rack/logger.rb:36:in `call_app'
/home.rbenv/versions/2.3.1/lib/ruby/gems/2.3.0/gems/railties-5.0.0/lib/rails/rack/logger.rb:24:in `block in call'
/home.rbenv/versions/2.3.1/lib/ruby/gems/2.3.0/gems/activesupport-5.0.0/lib/active_support/tagged_logging.rb:70:in `block in tagged'
/home.rbenv/versions/2.3.1/lib/ruby/gems/2.3.0/gems/activesupport-5.0.0/lib/active_support/tagged_logging.rb:26:in `tagged'
/home.rbenv/versions/2.3.1/lib/ruby/gems/2.3.0/gems/activesupport-5.0.0/lib/active_support/tagged_logging.rb:70:in `tagged'
/home.rbenv/versions/2.3.1/lib/ruby/gems/2.3.0/gems/railties-5.0.0/lib/rails/rack/logger.rb:24:in `call'
/home.rbenv/versions/2.3.1/lib/ruby/gems/2.3.0/gems/sprockets-rails-3.1.1/lib/sprockets/rails/quiet_assets.rb:13:in `call'
/home.rbenv/versions/2.3.1/lib/ruby/gems/2.3.0/gems/actionpack-5.0.0/lib/action_dispatch/middleware/request_id.rb:24:in `call'
/home.rbenv/versions/2.3.1/lib/ruby/gems/2.3.0/gems/rack-2.0.1/lib/rack/method_override.rb:22:in `call'
/home.rbenv/versions/2.3.1/lib/ruby/gems/2.3.0/gems/rack-2.0.1/lib/rack/runtime.rb:22:in `call'
/home.rbenv/versions/2.3.1/lib/ruby/gems/2.3.0/gems/activesupport-5.0.0/lib/active_support/cache/strategy/local_cache_middleware.rb:28:in `call'
/home.rbenv/versions/2.3.1/lib/ruby/gems/2.3.0/gems/actionpack-5.0.0/lib/action_dispatch/middleware/executor.rb:12:in `call'
/home.rbenv/versions/2.3.1/lib/ruby/gems/2.3.0/gems/actionpack-5.0.0/lib/action_dispatch/middleware/static.rb:136:in `call'
/home.rbenv/versions/2.3.1/lib/ruby/gems/2.3.0/gems/rack-2.0.1/lib/rack/sendfile.rb:111:in `call'
/home.rbenv/versions/2.3.1/lib/ruby/gems/2.3.0/gems/railties-5.0.0/lib/rails/engine.rb:522:in `call'
/home.rbenv/versions/2.3.1/lib/ruby/gems/2.3.0/gems/puma-3.6.0/lib/puma/configuration.rb:225:in `call'
/home.rbenv/versions/2.3.1/lib/ruby/gems/2.3.0/gems/puma-3.6.0/lib/puma/server.rb:578:in `handle_request'
/home.rbenv/versions/2.3.1/lib/ruby/gems/2.3.0/gems/puma-3.6.0/lib/puma/server.rb:415:in `process_client'
/home.rbenv/versions/2.3.1/lib/ruby/gems/2.3.0/gems/puma-3.6.0/lib/puma/server.rb:275:in `block in run'
/home.rbenv/versions/2.3.1/lib/ruby/gems/2.3.0/gems/puma-3.6.0/lib/puma/thread_pool.rb:116:in `block in spawn_thread'
  Rendering /home.rbenv/versions/2.3.1/lib/ruby/gems/2.3.0/gems/actionpack-5.0.0/lib/action_dispatch/middleware/templates/rescues/routing_error.html.erb within rescues/layout
  Rendering /home.rbenv/versions/2.3.1/lib/ruby/gems/2.3.0/gems/actionpack-5.0.0/lib/action_dispatch/middleware/templates/rescues/_trace.html.erb
  Rendered /home.rbenv/versions/2.3.1/lib/ruby/gems/2.3.0/gems/actionpack-5.0.0/lib/action_dispatch/middleware/templates/rescues/_trace.html.erb (2.0ms)
  Rendered collection of /home.rbenv/versions/2.3.1/lib/ruby/gems/2.3.0/gems/actionpack-5.0.0/lib/action_dispatch/middleware/templates/routes/_route.html.erb [3 times] (4.5ms)
  Rendered /home.rbenv/versions/2.3.1/lib/ruby/gems/2.3.0/gems/actionpack-5.0.0/lib/action_dispatch/middleware/templates/routes/_table.html.erb (2.1ms)
  Rendering /home.rbenv/versions/2.3.1/lib/ruby/gems/2.3.0/gems/actionpack-5.0.0/lib/action_dispatch/middleware/templates/rescues/_request_and_response.html.erb
  Rendered /home.rbenv/versions/2.3.1/lib/ruby/gems/2.3.0/gems/actionpack-5.0.0/lib/action_dispatch/middleware/templates/rescues/_request_and_response.html.erb (1.8ms)
  Rendered /home.rbenv/versions/2.3.1/lib/ruby/gems/2.3.0/gems/actionpack-5.0.0/lib/action_dispatch/middleware/templates/rescues/routing_error.html.erb within rescues/layout (61.3ms)
Started GET "/static_pages/index.html" for 10.0.2.2 at 2016-08-04 07:25:12 +0000
Cannot render console from 10.0.2.2! Allowed networks: 127.0.0.1, ::1, 127.0.0.0/127.255.255.255
Processing by StaticPagesController#index as HTML
  Rendering static_pages/index.html.erb within layouts/application
  Rendered static_pages/index.html.erb within layouts/application (0.6ms)
Completed 200 OK in 271ms (Views: 226.6ms | ActiveRecord: 0.0ms)


Started GET "/static_pages/index.html" for 10.0.2.2 at 2016-08-04 07:25:20 +0000
Cannot render console from 10.0.2.2! Allowed networks: 127.0.0.1, ::1, 127.0.0.0/127.255.255.255
Processing by StaticPagesController#index as HTML
  Rendering static_pages/index.html.erb within layouts/application
  Rendered static_pages/index.html.erb within layouts/application (0.7ms)
Completed 200 OK in 284ms (Views: 232.8ms | ActiveRecord: 0.0ms)


Started GET "/static_pages/index.html" for 10.0.2.2 at 2016-08-04 07:35:45 +0000
Cannot render console from 10.0.2.2! Allowed networks: 127.0.0.1, ::1, 127.0.0.0/127.255.255.255
Processing by StaticPagesController#index as HTML
  Rendering static_pages/index.html.erb within layouts/application
  Rendered static_pages/index.html.erb within layouts/application (12.5ms)
Completed 200 OK in 947ms (Views: 858.1ms | ActiveRecord: 0.0ms)


Started GET "/static_pages/index" for 10.0.2.2 at 2016-08-04 18:31:22 +0000
Cannot render console from 10.0.2.2! Allowed networks: 127.0.0.1, ::1, 127.0.0.0/127.255.255.255
Processing by StaticPagesController#index as HTML
  Rendering static_pages/index.html.erb within layouts/application
  Rendered static_pages/index.html.erb within layouts/application (0.4ms)
Completed 200 OK in 108ms (Views: 89.0ms | ActiveRecord: 0.0ms)


Started GET "/static_pages/index/about" for 10.0.2.2 at 2016-08-04 18:32:32 +0000
Cannot render console from 10.0.2.2! Allowed networks: 127.0.0.1, ::1, 127.0.0.0/127.255.255.255
  
ActionController::RoutingError (No route matches [GET] "/static_pages/index/about"):
  
/home.rbenv/versions/2.3.1/lib/ruby/gems/2.3.0/gems/actionpack-5.0.0/lib/action_dispatch/middleware/debug_exceptions.rb:53:in `call'
/home.rbenv/versions/2.3.1/lib/ruby/gems/2.3.0/gems/web-console-3.3.1/lib/web_console/middleware.rb:131:in `call_app'
/home.rbenv/versions/2.3.1/lib/ruby/gems/2.3.0/gems/web-console-3.3.1/lib/web_console/middleware.rb:20:in `block in call'
/home.rbenv/versions/2.3.1/lib/ruby/gems/2.3.0/gems/web-console-3.3.1/lib/web_console/middleware.rb:18:in `catch'
/home.rbenv/versions/2.3.1/lib/ruby/gems/2.3.0/gems/web-console-3.3.1/lib/web_console/middleware.rb:18:in `call'
/home.rbenv/versions/2.3.1/lib/ruby/gems/2.3.0/gems/actionpack-5.0.0/lib/action_dispatch/middleware/show_exceptions.rb:31:in `call'
/home.rbenv/versions/2.3.1/lib/ruby/gems/2.3.0/gems/railties-5.0.0/lib/rails/rack/logger.rb:36:in `call_app'
/home.rbenv/versions/2.3.1/lib/ruby/gems/2.3.0/gems/railties-5.0.0/lib/rails/rack/logger.rb:24:in `block in call'
/home.rbenv/versions/2.3.1/lib/ruby/gems/2.3.0/gems/activesupport-5.0.0/lib/active_support/tagged_logging.rb:70:in `block in tagged'
/home.rbenv/versions/2.3.1/lib/ruby/gems/2.3.0/gems/activesupport-5.0.0/lib/active_support/tagged_logging.rb:26:in `tagged'
/home.rbenv/versions/2.3.1/lib/ruby/gems/2.3.0/gems/activesupport-5.0.0/lib/active_support/tagged_logging.rb:70:in `tagged'
/home.rbenv/versions/2.3.1/lib/ruby/gems/2.3.0/gems/railties-5.0.0/lib/rails/rack/logger.rb:24:in `call'
/home.rbenv/versions/2.3.1/lib/ruby/gems/2.3.0/gems/sprockets-rails-3.1.1/lib/sprockets/rails/quiet_assets.rb:13:in `call'
/home.rbenv/versions/2.3.1/lib/ruby/gems/2.3.0/gems/actionpack-5.0.0/lib/action_dispatch/middleware/request_id.rb:24:in `call'
/home.rbenv/versions/2.3.1/lib/ruby/gems/2.3.0/gems/rack-2.0.1/lib/rack/method_override.rb:22:in `call'
/home.rbenv/versions/2.3.1/lib/ruby/gems/2.3.0/gems/rack-2.0.1/lib/rack/runtime.rb:22:in `call'
/home.rbenv/versions/2.3.1/lib/ruby/gems/2.3.0/gems/activesupport-5.0.0/lib/active_support/cache/strategy/local_cache_middleware.rb:28:in `call'
/home.rbenv/versions/2.3.1/lib/ruby/gems/2.3.0/gems/actionpack-5.0.0/lib/action_dispatch/middleware/executor.rb:12:in `call'
/home.rbenv/versions/2.3.1/lib/ruby/gems/2.3.0/gems/actionpack-5.0.0/lib/action_dispatch/middleware/static.rb:136:in `call'
/home.rbenv/versions/2.3.1/lib/ruby/gems/2.3.0/gems/rack-2.0.1/lib/rack/sendfile.rb:111:in `call'
/home.rbenv/versions/2.3.1/lib/ruby/gems/2.3.0/gems/railties-5.0.0/lib/rails/engine.rb:522:in `call'
/home.rbenv/versions/2.3.1/lib/ruby/gems/2.3.0/gems/puma-3.6.0/lib/puma/configuration.rb:225:in `call'
/home.rbenv/versions/2.3.1/lib/ruby/gems/2.3.0/gems/puma-3.6.0/lib/puma/server.rb:578:in `handle_request'
/home.rbenv/versions/2.3.1/lib/ruby/gems/2.3.0/gems/puma-3.6.0/lib/puma/server.rb:415:in `process_client'
/home.rbenv/versions/2.3.1/lib/ruby/gems/2.3.0/gems/puma-3.6.0/lib/puma/server.rb:275:in `block in run'
/home.rbenv/versions/2.3.1/lib/ruby/gems/2.3.0/gems/puma-3.6.0/lib/puma/thread_pool.rb:116:in `block in spawn_thread'
  Rendering /home.rbenv/versions/2.3.1/lib/ruby/gems/2.3.0/gems/actionpack-5.0.0/lib/action_dispatch/middleware/templates/rescues/routing_error.html.erb within rescues/layout
  Rendering /home.rbenv/versions/2.3.1/lib/ruby/gems/2.3.0/gems/actionpack-5.0.0/lib/action_dispatch/middleware/templates/rescues/_trace.html.erb
  Rendered /home.rbenv/versions/2.3.1/lib/ruby/gems/2.3.0/gems/actionpack-5.0.0/lib/action_dispatch/middleware/templates/rescues/_trace.html.erb (1.2ms)
  Rendered collection of /home.rbenv/versions/2.3.1/lib/ruby/gems/2.3.0/gems/actionpack-5.0.0/lib/action_dispatch/middleware/templates/routes/_route.html.erb [3 times] (2.3ms)
  Rendered /home.rbenv/versions/2.3.1/lib/ruby/gems/2.3.0/gems/actionpack-5.0.0/lib/action_dispatch/middleware/templates/routes/_table.html.erb (29.3ms)
  Rendering /home.rbenv/versions/2.3.1/lib/ruby/gems/2.3.0/gems/actionpack-5.0.0/lib/action_dispatch/middleware/templates/rescues/_request_and_response.html.erb
  Rendered /home.rbenv/versions/2.3.1/lib/ruby/gems/2.3.0/gems/actionpack-5.0.0/lib/action_dispatch/middleware/templates/rescues/_request_and_response.html.erb (1.0ms)
  Rendered /home.rbenv/versions/2.3.1/lib/ruby/gems/2.3.0/gems/actionpack-5.0.0/lib/action_dispatch/middleware/templates/rescues/routing_error.html.erb within rescues/layout (62.8ms)
Started GET "/static_pages/contact" for 10.0.2.2 at 2016-08-04 18:40:16 +0000
Cannot render console from 10.0.2.2! Allowed networks: 127.0.0.1, ::1, 127.0.0.0/127.255.255.255
Processing by StaticPagesController#contact as HTML
  Rendering static_pages/contact.html.erb within layouts/application
  Rendered static_pages/contact.html.erb within layouts/application (0.4ms)
Completed 200 OK in 124ms (Views: 101.8ms | ActiveRecord: 0.0ms)


Started GET "/static_pages/about" for 10.0.2.2 at 2016-08-04 18:40:22 +0000
Cannot render console from 10.0.2.2! Allowed networks: 127.0.0.1, ::1, 127.0.0.0/127.255.255.255
Processing by StaticPagesController#about as HTML
  Rendering static_pages/about.html.erb within layouts/application
  Rendered static_pages/about.html.erb within layouts/application (0.4ms)
Completed 200 OK in 134ms (Views: 103.3ms | ActiveRecord: 0.0ms)


Started GET "/static_pages/index" for ::1 at 2016-08-04 20:54:45 +0200
Processing by StaticPagesController#index as HTML
  Rendering static_pages/index.html.erb within layouts/application
  Rendered static_pages/index.html.erb within layouts/application (8.8ms)
Completed 200 OK in 623ms (Views: 556.0ms | ActiveRecord: 0.0ms)


Started GET "/static_pages/index" for ::1 at 2016-08-04 21:37:00 +0200
Processing by StaticPagesController#index as HTML
  Rendering static_pages/index.html.erb within layouts/application
  Rendered static_pages/index.html.erb within layouts/application (0.0ms)
Completed 200 OK in 71ms (Views: 58.1ms | ActiveRecord: 0.0ms)


Started GET "/images/racebike.jpg" for ::1 at 2016-08-04 21:37:00 +0200
  
ActionController::RoutingError (No route matches [GET] "/images/racebike.jpg"):
  
actionpack (5.0.0) lib/action_dispatch/middleware/debug_exceptions.rb:53:in `call'
web-console (3.3.1) lib/web_console/middleware.rb:131:in `call_app'
web-console (3.3.1) lib/web_console/middleware.rb:28:in `block in call'
web-console (3.3.1) lib/web_console/middleware.rb:18:in `catch'
web-console (3.3.1) lib/web_console/middleware.rb:18:in `call'
actionpack (5.0.0) lib/action_dispatch/middleware/show_exceptions.rb:31:in `call'
railties (5.0.0) lib/rails/rack/logger.rb:36:in `call_app'
railties (5.0.0) lib/rails/rack/logger.rb:24:in `block in call'
activesupport (5.0.0) lib/active_support/tagged_logging.rb:70:in `block in tagged'
activesupport (5.0.0) lib/active_support/tagged_logging.rb:26:in `tagged'
activesupport (5.0.0) lib/active_support/tagged_logging.rb:70:in `tagged'
railties (5.0.0) lib/rails/rack/logger.rb:24:in `call'
sprockets-rails (3.1.1) lib/sprockets/rails/quiet_assets.rb:13:in `call'
actionpack (5.0.0) lib/action_dispatch/middleware/request_id.rb:24:in `call'
rack (2.0.1) lib/rack/method_override.rb:22:in `call'
rack (2.0.1) lib/rack/runtime.rb:22:in `call'
activesupport (5.0.0) lib/active_support/cache/strategy/local_cache_middleware.rb:28:in `call'
actionpack (5.0.0) lib/action_dispatch/middleware/executor.rb:12:in `call'
actionpack (5.0.0) lib/action_dispatch/middleware/static.rb:136:in `call'
rack (2.0.1) lib/rack/sendfile.rb:111:in `call'
railties (5.0.0) lib/rails/engine.rb:522:in `call'
puma (3.6.0) lib/puma/configuration.rb:225:in `call'
puma (3.6.0) lib/puma/server.rb:578:in `handle_request'
puma (3.6.0) lib/puma/server.rb:415:in `process_client'
puma (3.6.0) lib/puma/server.rb:275:in `block in run'
puma (3.6.0) lib/puma/thread_pool.rb:116:in `call'
puma (3.6.0) lib/puma/thread_pool.rb:116:in `block in spawn_thread'
  Rendering C:/Ruby22-x64/lib/ruby/gems/2.2.0/gems/actionpack-5.0.0/lib/action_dispatch/middleware/templates/rescues/routing_error.html.erb within rescues/layout
  Rendering C:/Ruby22-x64/lib/ruby/gems/2.2.0/gems/actionpack-5.0.0/lib/action_dispatch/middleware/templates/rescues/_trace.html.erb
  Rendered C:/Ruby22-x64/lib/ruby/gems/2.2.0/gems/actionpack-5.0.0/lib/action_dispatch/middleware/templates/rescues/_trace.html.erb (1.9ms)
  Rendered collection of C:/Ruby22-x64/lib/ruby/gems/2.2.0/gems/actionpack-5.0.0/lib/action_dispatch/middleware/templates/routes/_route.html.erb [5 times] (43.0ms)
  Rendered C:/Ruby22-x64/lib/ruby/gems/2.2.0/gems/actionpack-5.0.0/lib/action_dispatch/middleware/templates/routes/_table.html.erb (91.7ms)
  Rendering C:/Ruby22-x64/lib/ruby/gems/2.2.0/gems/actionpack-5.0.0/lib/action_dispatch/middleware/templates/rescues/_request_and_response.html.erb
  Rendered C:/Ruby22-x64/lib/ruby/gems/2.2.0/gems/actionpack-5.0.0/lib/action_dispatch/middleware/templates/rescues/_request_and_response.html.erb (1.0ms)
  Rendered C:/Ruby22-x64/lib/ruby/gems/2.2.0/gems/actionpack-5.0.0/lib/action_dispatch/middleware/templates/rescues/routing_error.html.erb within rescues/layout (1036.4ms)
Started GET "/images/racebike.jpg" for ::1 at 2016-08-04 21:37:03 +0200
  
ActionController::RoutingError (No route matches [GET] "/images/racebike.jpg"):
  
actionpack (5.0.0) lib/action_dispatch/middleware/debug_exceptions.rb:53:in `call'
web-console (3.3.1) lib/web_console/middleware.rb:131:in `call_app'
web-console (3.3.1) lib/web_console/middleware.rb:28:in `block in call'
web-console (3.3.1) lib/web_console/middleware.rb:18:in `catch'
web-console (3.3.1) lib/web_console/middleware.rb:18:in `call'
actionpack (5.0.0) lib/action_dispatch/middleware/show_exceptions.rb:31:in `call'
railties (5.0.0) lib/rails/rack/logger.rb:36:in `call_app'
railties (5.0.0) lib/rails/rack/logger.rb:24:in `block in call'
activesupport (5.0.0) lib/active_support/tagged_logging.rb:70:in `block in tagged'
activesupport (5.0.0) lib/active_support/tagged_logging.rb:26:in `tagged'
activesupport (5.0.0) lib/active_support/tagged_logging.rb:70:in `tagged'
railties (5.0.0) lib/rails/rack/logger.rb:24:in `call'
sprockets-rails (3.1.1) lib/sprockets/rails/quiet_assets.rb:13:in `call'
actionpack (5.0.0) lib/action_dispatch/middleware/request_id.rb:24:in `call'
rack (2.0.1) lib/rack/method_override.rb:22:in `call'
rack (2.0.1) lib/rack/runtime.rb:22:in `call'
activesupport (5.0.0) lib/active_support/cache/strategy/local_cache_middleware.rb:28:in `call'
actionpack (5.0.0) lib/action_dispatch/middleware/executor.rb:12:in `call'
actionpack (5.0.0) lib/action_dispatch/middleware/static.rb:136:in `call'
rack (2.0.1) lib/rack/sendfile.rb:111:in `call'
railties (5.0.0) lib/rails/engine.rb:522:in `call'
puma (3.6.0) lib/puma/configuration.rb:225:in `call'
puma (3.6.0) lib/puma/server.rb:578:in `handle_request'
puma (3.6.0) lib/puma/server.rb:415:in `process_client'
puma (3.6.0) lib/puma/server.rb:275:in `block in run'
puma (3.6.0) lib/puma/thread_pool.rb:116:in `call'
puma (3.6.0) lib/puma/thread_pool.rb:116:in `block in spawn_thread'
  Rendering C:/Ruby22-x64/lib/ruby/gems/2.2.0/gems/actionpack-5.0.0/lib/action_dispatch/middleware/templates/rescues/routing_error.html.erb within rescues/layout
  Rendering C:/Ruby22-x64/lib/ruby/gems/2.2.0/gems/actionpack-5.0.0/lib/action_dispatch/middleware/templates/rescues/_trace.html.erb
  Rendered C:/Ruby22-x64/lib/ruby/gems/2.2.0/gems/actionpack-5.0.0/lib/action_dispatch/middleware/templates/rescues/_trace.html.erb (1.0ms)
  Rendered collection of C:/Ruby22-x64/lib/ruby/gems/2.2.0/gems/actionpack-5.0.0/lib/action_dispatch/middleware/templates/routes/_route.html.erb [5 times] (2.0ms)
  Rendered C:/Ruby22-x64/lib/ruby/gems/2.2.0/gems/actionpack-5.0.0/lib/action_dispatch/middleware/templates/routes/_table.html.erb (1.0ms)
  Rendering C:/Ruby22-x64/lib/ruby/gems/2.2.0/gems/actionpack-5.0.0/lib/action_dispatch/middleware/templates/rescues/_request_and_response.html.erb
  Rendered C:/Ruby22-x64/lib/ruby/gems/2.2.0/gems/actionpack-5.0.0/lib/action_dispatch/middleware/templates/rescues/_request_and_response.html.erb (1.0ms)
  Rendered C:/Ruby22-x64/lib/ruby/gems/2.2.0/gems/actionpack-5.0.0/lib/action_dispatch/middleware/templates/rescues/routing_error.html.erb within rescues/layout (821.2ms)
Started GET "/static_pages/index" for ::1 at 2016-08-04 21:42:20 +0200
Processing by StaticPagesController#index as HTML
  Rendering static_pages/index.html.erb within layouts/application
  Rendered static_pages/index.html.erb within layouts/application (1.0ms)
Completed 200 OK in 114ms (Views: 99.7ms | ActiveRecord: 0.0ms)


Started GET "/static_pages/index" for ::1 at 2016-08-05 07:22:49 +0200
Processing by StaticPagesController#index as HTML
  Rendering static_pages/index.html.erb within layouts/application
  Rendered static_pages/index.html.erb within layouts/application (1.0ms)
Completed 200 OK in 105ms (Views: 84.4ms | ActiveRecord: 0.0ms)


Started GET "/static_pages/index" for ::1 at 2016-08-05 07:22:53 +0200
Processing by StaticPagesController#index as HTML
  Rendering static_pages/index.html.erb within layouts/application
  Rendered static_pages/index.html.erb within layouts/application (1.0ms)
Completed 200 OK in 66ms (Views: 52.9ms | ActiveRecord: 0.0ms)


Started GET "/static_pages/index" for ::1 at 2016-08-05 07:23:30 +0200
Processing by StaticPagesController#index as HTML
  Rendering static_pages/index.html.erb within layouts/application
  Rendered static_pages/index.html.erb within layouts/application (0.0ms)
Completed 200 OK in 66ms (Views: 53.3ms | ActiveRecord: 0.0ms)


Started GET "/static_pages/index" for ::1 at 2016-08-05 07:44:49 +0200
Processing by StaticPagesController#index as HTML
  Rendering static_pages/index.html.erb within layouts/application
  Rendered static_pages/index.html.erb within layouts/application (1.0ms)
Completed 200 OK in 71ms (Views: 56.4ms | ActiveRecord: 0.0ms)


